<?xml version="1.0" encoding="UTF-8"?>
<testsuite name="com.assessment.featureflags.controller.AdminControllerTest" tests="4" skipped="0" failures="0" errors="0" timestamp="2022-01-17T12:25:20" hostname="C02G21CCMD6P" time="0.282">
  <properties/>
  <testcase name="Enable a feature for given valid User Id and if Feature is false" classname="com.assessment.featureflags.controller.AdminControllerTest" time="0.203"/>
  <testcase name="Add a new feature if feature does not exists" classname="com.assessment.featureflags.controller.AdminControllerTest" time="0.062"/>
  <testcase name="Return all available features" classname="com.assessment.featureflags.controller.AdminControllerTest" time="0.008"/>
  <testcase name="Do not add a new feature if feature exists" classname="com.assessment.featureflags.controller.AdminControllerTest" time="0.005"/>
  <system-out><![CDATA[2022-01-17 12:25:20.235  INFO 15512 --- [    Test worker] .b.t.a.w.s.WebMvcTestContextBootstrapper : Neither @ContextConfiguration nor @ContextHierarchy found for test class [com.assessment.featureflags.controller.AdminControllerTest], using SpringBootContextLoader
2022-01-17 12:25:20.235  INFO 15512 --- [    Test worker] o.s.t.c.support.AbstractContextLoader    : Could not detect default resource locations for test class [com.assessment.featureflags.controller.AdminControllerTest]: no resource found for suffixes {-context.xml, Context.groovy}.
2022-01-17 12:25:20.235  INFO 15512 --- [    Test worker] t.c.s.AnnotationConfigContextLoaderUtils : Could not detect default configuration classes for test class [com.assessment.featureflags.controller.AdminControllerTest]: AdminControllerTest does not declare any static, non-private, non-final, nested classes annotated with @Configuration.
2022-01-17 12:25:20.258  INFO 15512 --- [    Test worker] .b.t.c.SpringBootTestContextBootstrapper : Found @SpringBootConfiguration com.assessment.featureflags.FeatureFlagsApplication for test class com.assessment.featureflags.controller.AdminControllerTest
2022-01-17 12:25:20.259  INFO 15512 --- [    Test worker] .b.t.a.w.s.WebMvcTestContextBootstrapper : Loaded default TestExecutionListener class names from location [META-INF/spring.factories]: [org.springframework.boot.test.autoconfigure.restdocs.RestDocsTestExecutionListener, org.springframework.boot.test.autoconfigure.web.client.MockRestServiceServerResetTestExecutionListener, org.springframework.boot.test.autoconfigure.web.servlet.MockMvcPrintOnlyOnFailureTestExecutionListener, org.springframework.boot.test.autoconfigure.web.servlet.WebDriverTestExecutionListener, org.springframework.boot.test.autoconfigure.webservices.client.MockWebServiceServerTestExecutionListener, org.springframework.boot.test.mock.mockito.MockitoTestExecutionListener, org.springframework.boot.test.mock.mockito.ResetMocksTestExecutionListener, org.springframework.test.context.web.ServletTestExecutionListener, org.springframework.test.context.support.DirtiesContextBeforeModesTestExecutionListener, org.springframework.test.context.event.ApplicationEventsTestExecutionListener, org.springframework.test.context.support.DependencyInjectionTestExecutionListener, org.springframework.test.context.support.DirtiesContextTestExecutionListener, org.springframework.test.context.transaction.TransactionalTestExecutionListener, org.springframework.test.context.jdbc.SqlScriptsTestExecutionListener, org.springframework.test.context.event.EventPublishingTestExecutionListener]
2022-01-17 12:25:20.261  INFO 15512 --- [    Test worker] .b.t.a.w.s.WebMvcTestContextBootstrapper : Using TestExecutionListeners: [org.springframework.test.context.web.ServletTestExecutionListener@a5bbaec, org.springframework.test.context.support.DirtiesContextBeforeModesTestExecutionListener@6d60899e, org.springframework.test.context.event.ApplicationEventsTestExecutionListener@65eb76cd, org.springframework.boot.test.mock.mockito.MockitoTestExecutionListener@6415f61e, org.springframework.boot.test.autoconfigure.SpringBootDependencyInjectionTestExecutionListener@334ebcaa, org.springframework.test.context.support.DirtiesContextTestExecutionListener@5a0bef24, org.springframework.test.context.event.EventPublishingTestExecutionListener@6468a7b6, org.springframework.boot.test.autoconfigure.restdocs.RestDocsTestExecutionListener@2f860823, org.springframework.boot.test.autoconfigure.web.client.MockRestServiceServerResetTestExecutionListener@696b4a95, org.springframework.boot.test.autoconfigure.web.servlet.MockMvcPrintOnlyOnFailureTestExecutionListener@6c1cfa53, org.springframework.boot.test.autoconfigure.web.servlet.WebDriverTestExecutionListener@4d68b571, org.springframework.boot.test.autoconfigure.webservices.client.MockWebServiceServerTestExecutionListener@52b06bef, org.springframework.boot.test.mock.mockito.ResetMocksTestExecutionListener@61bcbcce]

  .   ____          _            __ _ _
 /\\ / ___'_ __ _ _(_)_ __  __ _ \ \ \ \
( ( )\___ | '_ | '_| | '_ \/ _` | \ \ \ \
 \\/  ___)| |_)| | | | | || (_| |  ) ) ) )
  '  |____| .__|_| |_|_| |_\__, | / / / /
 =========|_|==============|___/=/_/_/_/
 :: Spring Boot ::                (v2.6.2)

2022-01-17 12:25:20.288  INFO 15512 --- [    Test worker] c.a.f.controller.AdminControllerTest     : Starting AdminControllerTest using Java 1.8.0_312 on C02G21CCMD6P with PID 15512 (started by jfrx in /Users/jfrx/Desktop/feature-flags)
2022-01-17 12:25:20.288  INFO 15512 --- [    Test worker] c.a.f.controller.AdminControllerTest     : No active profile set, falling back to default profiles: default
2022-01-17 12:25:20.880  INFO 15512 --- [    Test worker] o.s.b.t.m.w.SpringBootMockServletContext : Initializing Spring TestDispatcherServlet ''
2022-01-17 12:25:20.880  INFO 15512 --- [    Test worker] o.s.t.web.servlet.TestDispatcherServlet  : Initializing Servlet ''
2022-01-17 12:25:20.881  INFO 15512 --- [    Test worker] o.s.t.web.servlet.TestDispatcherServlet  : Completed initialization in 1 ms
2022-01-17 12:25:20.896  INFO 15512 --- [    Test worker] c.a.f.controller.AdminControllerTest     : Started AdminControllerTest in 0.631 seconds (JVM running for 4.523)
2022-01-17 12:25:20.973  INFO 15512 --- [    Test worker] c.a.f.controller.AdminController         : Feature: Transport_Service is successfully enabled. All user feature details: [Feature(featureName=Library_Service, featureType=Explicit, isEnabled=true), Feature(featureName=Bank_Service, featureType=Explicit, isEnabled=true), Feature(featureName=Transport_Service, featureType=Explicit, isEnabled=true), Feature(featureName=Voting_Service, featureType=Explicit, isEnabled=false), Feature(featureName=Global_Feature_1, featureType=Global, isEnabled=true)]
2022-01-17 12:25:21.166  INFO 15512 --- [    Test worker] c.a.f.controller.AdminController         : New feature added successfully. All available features(global + explicit) details: []
2022-01-17 12:25:21.174  INFO 15512 --- [    Test worker] c.a.f.controller.AdminController         : All available features (global + explicit) found successfully. Feature details: [Feature(featureName=Library_Service, featureType=Explicit, isEnabled=false), Feature(featureName=Bank_Service, featureType=Explicit, isEnabled=false), Feature(featureName=Transport_Service, featureType=Explicit, isEnabled=false), Feature(featureName=Voting_Service, featureType=Explicit, isEnabled=false), Feature(featureName=Global_Feature_1, featureType=Global, isEnabled=false), Feature(featureName=Global_Feature_2, featureType=Global, isEnabled=false), Feature(featureName=Global_Feature_3, featureType=Global, isEnabled=false)]
2022-01-17 12:25:21.182  INFO 15512 --- [    Test worker] c.a.f.controller.AdminController         : New feature added successfully. All available features(global + explicit) details: []
]]></system-out>
  <system-err><![CDATA[]]></system-err>
</testsuite>
