<?xml version="1.0" encoding="UTF-8"?>
<testsuite name="com.assessment.featureflags.service.AdminServiceTest" tests="2" skipped="0" failures="0" errors="0" timestamp="2022-01-17T12:25:17" hostname="C02G21CCMD6P" time="0.032">
  <properties/>
  <testcase name="testAddNewFeature_DuplicateFeature()" classname="com.assessment.featureflags.service.AdminServiceTest" time="0.03"/>
  <testcase name="testAddNewFeature()" classname="com.assessment.featureflags.service.AdminServiceTest" time="0.001"/>
  <system-out><![CDATA[]]></system-out>
  <system-err><![CDATA[]]></system-err>
</testsuite>
