<?xml version="1.0" encoding="UTF-8"?>
<testsuite name="com.assessment.featureflags.controller.UserControllerTest" tests="4" skipped="0" failures="0" errors="0" timestamp="2022-01-17T12:25:21" hostname="C02G21CCMD6P" time="0.029">
  <properties/>
  <testcase name="Do not return Features for Invalid user ID" classname="com.assessment.featureflags.controller.UserControllerTest" time="0.007"/>
  <testcase name="Return all Enabled Features for valid user ID" classname="com.assessment.featureflags.controller.UserControllerTest" time="0.007"/>
  <testcase name="Return all Features for valid user ID" classname="com.assessment.featureflags.controller.UserControllerTest" time="0.006"/>
  <testcase name="Do not return all Enabled Features for invalid user ID" classname="com.assessment.featureflags.controller.UserControllerTest" time="0.005"/>
  <system-out><![CDATA[2022-01-17 12:25:21.187  INFO 15512 --- [    Test worker] .b.t.a.w.s.WebMvcTestContextBootstrapper : Neither @ContextConfiguration nor @ContextHierarchy found for test class [com.assessment.featureflags.controller.UserControllerTest], using SpringBootContextLoader
2022-01-17 12:25:21.188  INFO 15512 --- [    Test worker] o.s.t.c.support.AbstractContextLoader    : Could not detect default resource locations for test class [com.assessment.featureflags.controller.UserControllerTest]: no resource found for suffixes {-context.xml, Context.groovy}.
2022-01-17 12:25:21.188  INFO 15512 --- [    Test worker] t.c.s.AnnotationConfigContextLoaderUtils : Could not detect default configuration classes for test class [com.assessment.featureflags.controller.UserControllerTest]: UserControllerTest does not declare any static, non-private, non-final, nested classes annotated with @Configuration.
2022-01-17 12:25:21.191  INFO 15512 --- [    Test worker] .b.t.c.SpringBootTestContextBootstrapper : Found @SpringBootConfiguration com.assessment.featureflags.FeatureFlagsApplication for test class com.assessment.featureflags.controller.UserControllerTest
2022-01-17 12:25:21.192  INFO 15512 --- [    Test worker] .b.t.a.w.s.WebMvcTestContextBootstrapper : Loaded default TestExecutionListener class names from location [META-INF/spring.factories]: [org.springframework.boot.test.autoconfigure.restdocs.RestDocsTestExecutionListener, org.springframework.boot.test.autoconfigure.web.client.MockRestServiceServerResetTestExecutionListener, org.springframework.boot.test.autoconfigure.web.servlet.MockMvcPrintOnlyOnFailureTestExecutionListener, org.springframework.boot.test.autoconfigure.web.servlet.WebDriverTestExecutionListener, org.springframework.boot.test.autoconfigure.webservices.client.MockWebServiceServerTestExecutionListener, org.springframework.boot.test.mock.mockito.MockitoTestExecutionListener, org.springframework.boot.test.mock.mockito.ResetMocksTestExecutionListener, org.springframework.test.context.web.ServletTestExecutionListener, org.springframework.test.context.support.DirtiesContextBeforeModesTestExecutionListener, org.springframework.test.context.event.ApplicationEventsTestExecutionListener, org.springframework.test.context.support.DependencyInjectionTestExecutionListener, org.springframework.test.context.support.DirtiesContextTestExecutionListener, org.springframework.test.context.transaction.TransactionalTestExecutionListener, org.springframework.test.context.jdbc.SqlScriptsTestExecutionListener, org.springframework.test.context.event.EventPublishingTestExecutionListener]
2022-01-17 12:25:21.193  INFO 15512 --- [    Test worker] .b.t.a.w.s.WebMvcTestContextBootstrapper : Using TestExecutionListeners: [org.springframework.test.context.web.ServletTestExecutionListener@2eb60c71, org.springframework.test.context.support.DirtiesContextBeforeModesTestExecutionListener@87d9a01, org.springframework.test.context.event.ApplicationEventsTestExecutionListener@7e5b621b, org.springframework.boot.test.mock.mockito.MockitoTestExecutionListener@10177794, org.springframework.boot.test.autoconfigure.SpringBootDependencyInjectionTestExecutionListener@e5c2463, org.springframework.test.context.support.DirtiesContextTestExecutionListener@6a950a3b, org.springframework.test.context.event.EventPublishingTestExecutionListener@4f7be6c8, org.springframework.boot.test.autoconfigure.restdocs.RestDocsTestExecutionListener@647b9364, org.springframework.boot.test.autoconfigure.web.client.MockRestServiceServerResetTestExecutionListener@b6bccb4, org.springframework.boot.test.autoconfigure.web.servlet.MockMvcPrintOnlyOnFailureTestExecutionListener@49edcb30, org.springframework.boot.test.autoconfigure.web.servlet.WebDriverTestExecutionListener@59303963, org.springframework.boot.test.autoconfigure.webservices.client.MockWebServiceServerTestExecutionListener@61e86192, org.springframework.boot.test.mock.mockito.ResetMocksTestExecutionListener@34330f77]

  .   ____          _            __ _ _
 /\\ / ___'_ __ _ _(_)_ __  __ _ \ \ \ \
( ( )\___ | '_ | '_| | '_ \/ _` | \ \ \ \
 \\/  ___)| |_)| | | | | || (_| |  ) ) ) )
  '  |____| .__|_| |_|_| |_\__, | / / / /
 =========|_|==============|___/=/_/_/_/
 :: Spring Boot ::                (v2.6.2)

2022-01-17 12:25:21.214  INFO 15512 --- [    Test worker] c.a.f.controller.UserControllerTest      : Starting UserControllerTest using Java 1.8.0_312 on C02G21CCMD6P with PID 15512 (started by jfrx in /Users/jfrx/Desktop/feature-flags)
2022-01-17 12:25:21.214  INFO 15512 --- [    Test worker] c.a.f.controller.UserControllerTest      : No active profile set, falling back to default profiles: default
2022-01-17 12:25:21.507  INFO 15512 --- [    Test worker] o.s.b.t.m.w.SpringBootMockServletContext : Initializing Spring TestDispatcherServlet ''
2022-01-17 12:25:21.507  INFO 15512 --- [    Test worker] o.s.t.web.servlet.TestDispatcherServlet  : Initializing Servlet ''
2022-01-17 12:25:21.507  INFO 15512 --- [    Test worker] o.s.t.web.servlet.TestDispatcherServlet  : Completed initialization in 0 ms
2022-01-17 12:25:21.517  INFO 15512 --- [    Test worker] c.a.f.controller.UserControllerTest      : Started UserControllerTest in 0.321 seconds (JVM running for 5.144)
2022-01-17 12:25:21.523  INFO 15512 --- [    Test worker] c.a.f.controller.UserController          : All available features (global + explicit) for the user: abc found successfully. Feature details: null
2022-01-17 12:25:21.530  INFO 15512 --- [    Test worker] c.a.f.controller.UserController          : All enabled features (global + explicit) for the user: 1 found successfully. Feature details: [Feature(featureName=Library_Service, featureType=Explicit, isEnabled=true), Feature(featureName=Bank_Service, featureType=Explicit, isEnabled=true), Feature(featureName=Global_Feature_1, featureType=Global, isEnabled=true)]
2022-01-17 12:25:21.538  INFO 15512 --- [    Test worker] c.a.f.controller.UserController          : All available features (global + explicit) for the user: 1 found successfully. Feature details: [Feature(featureName=Library_Service, featureType=Explicit, isEnabled=true), Feature(featureName=Bank_Service, featureType=Explicit, isEnabled=true), Feature(featureName=Transport_Service, featureType=Explicit, isEnabled=false), Feature(featureName=Voting_Service, featureType=Explicit, isEnabled=false), Feature(featureName=Global_Feature_1, featureType=Global, isEnabled=true)]
2022-01-17 12:25:21.546  INFO 15512 --- [    Test worker] c.a.f.controller.UserController          : All enabled features (global + explicit) for the user: abc found successfully. Feature details: []
]]></system-out>
  <system-err><![CDATA[]]></system-err>
</testsuite>
