<?xml version="1.0" encoding="UTF-8"?>
<testsuite name="com.assessment.featureflags.service.UserServiceTest" tests="2" skipped="0" failures="0" errors="0" timestamp="2022-01-17T12:25:21" hostname="C02G21CCMD6P" time="0.002">
  <properties/>
  <testcase name="testGetAllFeaturesForUserId_InvalidUserId()" classname="com.assessment.featureflags.service.UserServiceTest" time="0.001"/>
  <testcase name="testGetAllEnabledFeaturesForUserId_InvalidUserId()" classname="com.assessment.featureflags.service.UserServiceTest" time="0.001"/>
  <system-out><![CDATA[]]></system-out>
  <system-err><![CDATA[]]></system-err>
</testsuite>
