<?xml version="1.0" encoding="UTF-8"?>
<testsuite name="com.assessment.featureflags.FeatureFlagsApplicationTests" tests="1" skipped="0" failures="0" errors="0" timestamp="2022-01-15T19:50:44" hostname="C02G21CCMD6P" time="0.003">
  <properties/>
  <testcase name="contextLoads()" classname="com.assessment.featureflags.FeatureFlagsApplicationTests" time="0.003"/>
  <system-out><![CDATA[2022-01-15 19:50:44.056  INFO 89395 --- [    Test worker] .b.t.c.SpringBootTestContextBootstrapper : Neither @ContextConfiguration nor @ContextHierarchy found for test class [com.assessment.featureflags.FeatureFlagsApplicationTests], using SpringBootContextLoader
2022-01-15 19:50:44.057  INFO 89395 --- [    Test worker] o.s.t.c.support.AbstractContextLoader    : Could not detect default resource locations for test class [com.assessment.featureflags.FeatureFlagsApplicationTests]: no resource found for suffixes {-context.xml, Context.groovy}.
2022-01-15 19:50:44.057  INFO 89395 --- [    Test worker] t.c.s.AnnotationConfigContextLoaderUtils : Could not detect default configuration classes for test class [com.assessment.featureflags.FeatureFlagsApplicationTests]: FeatureFlagsApplicationTests does not declare any static, non-private, non-final, nested classes annotated with @Configuration.
2022-01-15 19:50:44.062  INFO 89395 --- [    Test worker] .b.t.c.SpringBootTestContextBootstrapper : Found @SpringBootConfiguration com.assessment.featureflags.FeatureFlagsApplication for test class com.assessment.featureflags.FeatureFlagsApplicationTests
2022-01-15 19:50:44.066  INFO 89395 --- [    Test worker] .b.t.c.SpringBootTestContextBootstrapper : Loaded default TestExecutionListener class names from location [META-INF/spring.factories]: [org.springframework.boot.test.autoconfigure.restdocs.RestDocsTestExecutionListener, org.springframework.boot.test.autoconfigure.web.client.MockRestServiceServerResetTestExecutionListener, org.springframework.boot.test.autoconfigure.web.servlet.MockMvcPrintOnlyOnFailureTestExecutionListener, org.springframework.boot.test.autoconfigure.web.servlet.WebDriverTestExecutionListener, org.springframework.boot.test.autoconfigure.webservices.client.MockWebServiceServerTestExecutionListener, org.springframework.boot.test.mock.mockito.MockitoTestExecutionListener, org.springframework.boot.test.mock.mockito.ResetMocksTestExecutionListener, org.springframework.test.context.web.ServletTestExecutionListener, org.springframework.test.context.support.DirtiesContextBeforeModesTestExecutionListener, org.springframework.test.context.event.ApplicationEventsTestExecutionListener, org.springframework.test.context.support.DependencyInjectionTestExecutionListener, org.springframework.test.context.support.DirtiesContextTestExecutionListener, org.springframework.test.context.transaction.TransactionalTestExecutionListener, org.springframework.test.context.jdbc.SqlScriptsTestExecutionListener, org.springframework.test.context.event.EventPublishingTestExecutionListener]
2022-01-15 19:50:44.067  INFO 89395 --- [    Test worker] .b.t.c.SpringBootTestContextBootstrapper : Using TestExecutionListeners: [org.springframework.test.context.web.ServletTestExecutionListener@a9c5b75, org.springframework.test.context.support.DirtiesContextBeforeModesTestExecutionListener@dd4aec3, org.springframework.test.context.event.ApplicationEventsTestExecutionListener@4dac121d, org.springframework.boot.test.mock.mockito.MockitoTestExecutionListener@568750b7, org.springframework.boot.test.autoconfigure.SpringBootDependencyInjectionTestExecutionListener@3e28fee1, org.springframework.test.context.support.DirtiesContextTestExecutionListener@16a2ed51, org.springframework.test.context.event.EventPublishingTestExecutionListener@3b332962, org.springframework.boot.test.autoconfigure.restdocs.RestDocsTestExecutionListener@57ddd45b, org.springframework.boot.test.autoconfigure.web.client.MockRestServiceServerResetTestExecutionListener@2e7bf7b7, org.springframework.boot.test.autoconfigure.web.servlet.MockMvcPrintOnlyOnFailureTestExecutionListener@2fb25f4c, org.springframework.boot.test.autoconfigure.web.servlet.WebDriverTestExecutionListener@de81be1, org.springframework.boot.test.autoconfigure.webservices.client.MockWebServiceServerTestExecutionListener@342e690b, org.springframework.boot.test.mock.mockito.ResetMocksTestExecutionListener@4519f676]

  .   ____          _            __ _ _
 /\\ / ___'_ __ _ _(_)_ __  __ _ \ \ \ \
( ( )\___ | '_ | '_| | '_ \/ _` | \ \ \ \
 \\/  ___)| |_)| | | | | || (_| |  ) ) ) )
  '  |____| .__|_| |_|_| |_\__, | / / / /
 =========|_|==============|___/=/_/_/_/
 :: Spring Boot ::                (v2.6.2)

2022-01-15 19:50:44.085  INFO 89395 --- [    Test worker] c.a.f.FeatureFlagsApplicationTests       : Starting FeatureFlagsApplicationTests using Java 1.8.0_312 on C02G21CCMD6P with PID 89395 (started by jfrx in /Users/jfrx/Desktop/feature-flags)
2022-01-15 19:50:44.085  INFO 89395 --- [    Test worker] c.a.f.FeatureFlagsApplicationTests       : No active profile set, falling back to default profiles: default
2022-01-15 19:50:44.615  INFO 89395 --- [    Test worker] c.a.f.FeatureFlagsApplicationTests       : Started FeatureFlagsApplicationTests in 0.546 seconds (JVM running for 3.875)
]]></system-out>
  <system-err><![CDATA[]]></system-err>
</testsuite>
